Connecting to host iperf-receiver-1, port 5201
[  6] local 10.150.0.73 port 51076 connected to 10.162.0.73 port 5201
[ ID] Interval           Transfer     Bitrate         Retr  Cwnd
[  6]   0.00-1.00   sec   128 KBytes  1.05 Mbits/sec    0    113 KBytes       
Connecting to host iperf-receiver-2, port 5201
[  6] local 10.150.0.73 port 33924 connected to 10.171.0.73 port 5201
[ ID] Interval           Transfer     Bitrate         Retr  Cwnd
[  6]   0.00-1.00   sec   128 KBytes  1.05 Mbits/sec    0    113 KBytes       
[  6]   1.00-2.00   sec  0.00 Bytes  0.00 bits/sec    0    113 KBytes       
[  6]   1.00-2.00   sec  0.00 Bytes  0.00 bits/sec    0    113 KBytes       
[  6]   2.00-3.00   sec  0.00 Bytes  0.00 bits/sec    0    113 KBytes       
[  6]   2.00-3.00   sec  0.00 Bytes  0.00 bits/sec    0    113 KBytes       
[  6]   3.00-4.00   sec  0.00 Bytes  0.00 bits/sec    0    113 KBytes       
[  6]   3.00-4.00   sec  0.00 Bytes  0.00 bits/sec    0    113 KBytes       
[  6]   4.00-5.00   sec  0.00 Bytes  0.00 bits/sec    0    113 KBytes       
[  6]   4.00-5.00   sec  0.00 Bytes  0.00 bits/sec    0    113 KBytes       
[  6]   5.00-6.00   sec  0.00 Bytes  0.00 bits/sec    0    113 KBytes       
[  6]   5.00-6.00   sec  0.00 Bytes  0.00 bits/sec    0    113 KBytes       
[  6]   6.00-7.00   sec  0.00 Bytes  0.00 bits/sec    0    113 KBytes       
[  6]   6.00-7.00   sec  0.00 Bytes  0.00 bits/sec    0    113 KBytes       
[  6]   7.00-8.00   sec  0.00 Bytes  0.00 bits/sec    0    113 KBytes       
[  6]   7.00-8.00   sec  0.00 Bytes  0.00 bits/sec    0    113 KBytes       
[  6]   8.00-9.00   sec  0.00 Bytes  0.00 bits/sec    0    113 KBytes       
[  6]   8.00-9.00   sec  0.00 Bytes  0.00 bits/sec    0    113 KBytes       
[  6]   9.00-10.00  sec  0.00 Bytes  0.00 bits/sec    0    113 KBytes       
[  6]   9.00-10.00  sec  0.00 Bytes  0.00 bits/sec    0    113 KBytes       
[  6]  10.00-11.00  sec  0.00 Bytes  0.00 bits/sec    0    113 KBytes       
[  6]  10.00-11.00  sec  0.00 Bytes  0.00 bits/sec    0    113 KBytes       
[  6]  11.00-12.00  sec  0.00 Bytes  0.00 bits/sec    0    113 KBytes       
[  6]  11.00-12.00  sec  0.00 Bytes  0.00 bits/sec    0    113 KBytes       
[  6]  12.00-13.00  sec  0.00 Bytes  0.00 bits/sec    0    113 KBytes       
[  6]  12.00-13.00  sec  0.00 Bytes  0.00 bits/sec    0    113 KBytes       
[  6]  13.00-14.00  sec  0.00 Bytes  0.00 bits/sec    0    113 KBytes       
[  6]  13.00-14.00  sec  0.00 Bytes  0.00 bits/sec    0    113 KBytes       
[  6]  14.00-15.00  sec  0.00 Bytes  0.00 bits/sec    0    113 KBytes       
[  6]  14.00-15.00  sec  0.00 Bytes  0.00 bits/sec    0    113 KBytes       
[  6]  15.00-16.00  sec  0.00 Bytes  0.00 bits/sec    0    113 KBytes       
[  6]  15.00-16.00  sec  0.00 Bytes  0.00 bits/sec    0    113 KBytes       
[  6]  16.00-17.00  sec  0.00 Bytes  0.00 bits/sec    0    113 KBytes       
[  6]  16.00-17.00  sec  0.00 Bytes  0.00 bits/sec    0    113 KBytes       
[  6]  17.00-18.00  sec  0.00 Bytes  0.00 bits/sec    0    113 KBytes       
[  6]  17.00-18.00  sec  0.00 Bytes  0.00 bits/sec    0    113 KBytes       
[  6]  18.00-19.00  sec  0.00 Bytes  0.00 bits/sec    0    113 KBytes       
[  6]  18.00-19.00  sec  0.00 Bytes  0.00 bits/sec    0    113 KBytes       
[  6]  19.00-20.00  sec  0.00 Bytes  0.00 bits/sec    0    113 KBytes       
- - - - - - - - - - - - - - - - - - - - - - - - -
[ ID] Interval           Transfer     Bitrate         Retr
[  6]   0.00-20.00  sec   128 KBytes  52.4 Kbits/sec    0             sender
[  6]   0.00-20.04  sec   128 KBytes  52.3 Kbits/sec                  receiver

iperf Done.
[  6]  19.00-20.00  sec  0.00 Bytes  0.00 bits/sec    0    113 KBytes       
- - - - - - - - - - - - - - - - - - - - - - - - -
[ ID] Interval           Transfer     Bitrate         Retr
[  6]   0.00-20.00  sec   128 KBytes  52.4 Kbits/sec    0             sender
[  6]   0.00-20.04  sec   128 KBytes  52.3 Kbits/sec                  receiver

iperf Done.
Connecting to host iperf-receiver-1, port 5201
[  6] local 10.150.0.73 port 59808 connected to 10.162.0.73 port 5201
[ ID] Interval           Transfer     Bitrate         Retr  Cwnd
[  6]   0.00-1.00   sec   128 KBytes  1.05 Mbits/sec    0    113 KBytes       
Connecting to host iperf-receiver-2, port 5201
[  6] local 10.150.0.73 port 47802 connected to 10.171.0.73 port 5201
[ ID] Interval           Transfer     Bitrate         Retr  Cwnd
[  6]   0.00-1.00   sec   128 KBytes  1.05 Mbits/sec    0    113 KBytes       
[  6]   1.00-2.00   sec  0.00 Bytes  0.00 bits/sec    0    113 KBytes       
[  6]   1.00-2.00   sec  0.00 Bytes  0.00 bits/sec    0    113 KBytes       
[  6]   2.00-3.00   sec  0.00 Bytes  0.00 bits/sec    0    113 KBytes       
[  6]   2.00-3.00   sec  0.00 Bytes  0.00 bits/sec    0    113 KBytes       
[  6]   3.00-4.00   sec  0.00 Bytes  0.00 bits/sec    0    113 KBytes       
[  6]   3.00-4.00   sec  0.00 Bytes  0.00 bits/sec    0    113 KBytes       
[  6]   4.00-5.00   sec  0.00 Bytes  0.00 bits/sec    0    113 KBytes       
[  6]   4.00-5.00   sec  0.00 Bytes  0.00 bits/sec    0    113 KBytes       
[  6]   5.00-6.00   sec  0.00 Bytes  0.00 bits/sec    0    113 KBytes       
[  6]   5.00-6.00   sec  0.00 Bytes  0.00 bits/sec    0    113 KBytes       
[  6]   6.00-7.00   sec  0.00 Bytes  0.00 bits/sec    0    113 KBytes       
[  6]   6.00-7.00   sec  0.00 Bytes  0.00 bits/sec    0    113 KBytes       
[  6]   7.00-8.00   sec  0.00 Bytes  0.00 bits/sec    0    113 KBytes       
[  6]   7.00-8.00   sec  0.00 Bytes  0.00 bits/sec    0    113 KBytes       
[  6]   8.00-9.00   sec  0.00 Bytes  0.00 bits/sec    0    113 KBytes       
[  6]   8.00-9.00   sec  0.00 Bytes  0.00 bits/sec    0    113 KBytes       
[  6]   9.00-10.00  sec  0.00 Bytes  0.00 bits/sec    0    113 KBytes       
[  6]   9.00-10.00  sec  0.00 Bytes  0.00 bits/sec    0    113 KBytes       
[  6]  10.00-11.00  sec  0.00 Bytes  0.00 bits/sec    0    113 KBytes       
[  6]  10.00-11.00  sec  0.00 Bytes  0.00 bits/sec    0    113 KBytes       
[  6]  11.00-12.00  sec  0.00 Bytes  0.00 bits/sec    0    113 KBytes       
[  6]  11.00-12.00  sec  0.00 Bytes  0.00 bits/sec    0    113 KBytes       
[  6]  12.00-13.00  sec  0.00 Bytes  0.00 bits/sec    0    113 KBytes       
[  6]  12.00-13.00  sec  0.00 Bytes  0.00 bits/sec    0    113 KBytes       
[  6]  13.00-14.00  sec  0.00 Bytes  0.00 bits/sec    0    113 KBytes       
[  6]  13.00-14.00  sec  0.00 Bytes  0.00 bits/sec    0    113 KBytes       
[  6]  14.00-15.00  sec  0.00 Bytes  0.00 bits/sec    0    113 KBytes       
[  6]  14.00-15.00  sec  0.00 Bytes  0.00 bits/sec    0    113 KBytes       
[  6]  15.00-16.00  sec  0.00 Bytes  0.00 bits/sec    0    113 KBytes       
[  6]  15.00-16.00  sec  0.00 Bytes  0.00 bits/sec    0    113 KBytes       
[  6]  16.00-17.00  sec  0.00 Bytes  0.00 bits/sec    0    113 KBytes       
[  6]  16.00-17.00  sec  0.00 Bytes  0.00 bits/sec    0    113 KBytes       
[  6]  17.00-18.00  sec  0.00 Bytes  0.00 bits/sec    0    113 KBytes       
[  6]  17.00-18.00  sec  0.00 Bytes  0.00 bits/sec    0    113 KBytes       
[  6]  18.00-19.00  sec  0.00 Bytes  0.00 bits/sec    0    113 KBytes       
[  6]  18.00-19.00  sec  0.00 Bytes  0.00 bits/sec    0    113 KBytes       
[  6]  19.00-20.00  sec  0.00 Bytes  0.00 bits/sec    0    113 KBytes       
- - - - - - - - - - - - - - - - - - - - - - - - -
[ ID] Interval           Transfer     Bitrate         Retr
[  6]   0.00-20.00  sec   128 KBytes  52.4 Kbits/sec    0             sender
[  6]   0.00-20.04  sec   128 KBytes  52.3 Kbits/sec                  receiver

iperf Done.
[  6]  19.00-20.00  sec  0.00 Bytes  0.00 bits/sec    0    113 KBytes       
- - - - - - - - - - - - - - - - - - - - - - - - -
[ ID] Interval           Transfer     Bitrate         Retr
[  6]   0.00-20.00  sec   128 KBytes  52.4 Kbits/sec    0             sender
[  6]   0.00-20.04  sec   128 KBytes  52.3 Kbits/sec                  receiver

iperf Done.
